C:\USERS\MAKSI\ONEDRIVE\Документы\VISUAL STUDIO 2012\PROJECTS\Шишкин\CONSOLEAPPLICATION19\CONSOLEAPPLICATION19\DEBUG\LIST_UTILS1.OBJ
C:\USERS\MAKSI\ONEDRIVE\Документы\VISUAL STUDIO 2012\PROJECTS\Шишкин\CONSOLEAPPLICATION19\CONSOLEAPPLICATION19\DEBUG\MAIN.OBJ
C:\USERS\MAKSI\ONEDRIVE\ДОКУМЕНТЫ\VISUAL STUDIO 2012\PROJECTS\ШИШКИН\CONSOLEAPPLICATION19\CONSOLEAPPLICATION19\DEBUG\VC110.PDB
C:\USERS\MAKSI\ONEDRIVE\Документы\VISUAL STUDIO 2012\PROJECTS\Шишкин\CONSOLEAPPLICATION19\DEBUG\CONSOLEAPPLICATION19.ILK
C:\USERS\MAKSI\ONEDRIVE\Документы\VISUAL STUDIO 2012\PROJECTS\Шишкин\CONSOLEAPPLICATION19\DEBUG\CONSOLEAPPLICATION19.EXE
C:\USERS\MAKSI\ONEDRIVE\ДОКУМЕНТЫ\VISUAL STUDIO 2012\PROJECTS\ШИШКИН\CONSOLEAPPLICATION19\DEBUG\CONSOLEAPPLICATION19.PDB
C:\Users\maksi\OneDrive\Документы\Visual Studio 2012\Projects\Шишкин\ConsoleApplication19\ConsoleApplication19\Debug\main.obj
C:\Users\maksi\OneDrive\Документы\Visual Studio 2012\Projects\Шишкин\ConsoleApplication19\ConsoleApplication19\Debug\cl.command.1.tlog
C:\Users\maksi\OneDrive\Документы\Visual Studio 2012\Projects\Шишкин\ConsoleApplication19\ConsoleApplication19\Debug\CL.read.1.tlog
C:\Users\maksi\OneDrive\Документы\Visual Studio 2012\Projects\Шишкин\ConsoleApplication19\ConsoleApplication19\Debug\CL.write.1.tlog
C:\Users\maksi\OneDrive\Документы\Visual Studio 2012\Projects\Шишкин\ConsoleApplication19\ConsoleApplication19\Debug\link-cvtres.read.1.tlog
C:\Users\maksi\OneDrive\Документы\Visual Studio 2012\Projects\Шишкин\ConsoleApplication19\ConsoleApplication19\Debug\link-cvtres.write.1.tlog
C:\Users\maksi\OneDrive\Документы\Visual Studio 2012\Projects\Шишкин\ConsoleApplication19\ConsoleApplication19\Debug\link-rc.read.1.tlog
C:\Users\maksi\OneDrive\Документы\Visual Studio 2012\Projects\Шишкин\ConsoleApplication19\ConsoleApplication19\Debug\link-rc.write.1.tlog
C:\Users\maksi\OneDrive\Документы\Visual Studio 2012\Projects\Шишкин\ConsoleApplication19\ConsoleApplication19\Debug\link.11840-cvtres.read.1.tlog
C:\Users\maksi\OneDrive\Документы\Visual Studio 2012\Projects\Шишкин\ConsoleApplication19\ConsoleApplication19\Debug\link.11840-cvtres.write.1.tlog
C:\Users\maksi\OneDrive\Документы\Visual Studio 2012\Projects\Шишкин\ConsoleApplication19\ConsoleApplication19\Debug\link.11840-rc.read.1.tlog
C:\Users\maksi\OneDrive\Документы\Visual Studio 2012\Projects\Шишкин\ConsoleApplication19\ConsoleApplication19\Debug\link.11840-rc.write.1.tlog
C:\Users\maksi\OneDrive\Документы\Visual Studio 2012\Projects\Шишкин\ConsoleApplication19\ConsoleApplication19\Debug\link.11840.read.1.tlog
C:\Users\maksi\OneDrive\Документы\Visual Studio 2012\Projects\Шишкин\ConsoleApplication19\ConsoleApplication19\Debug\link.11840.write.1.tlog
C:\Users\maksi\OneDrive\Документы\Visual Studio 2012\Projects\Шишкин\ConsoleApplication19\ConsoleApplication19\Debug\link.14480-cvtres.read.1.tlog
C:\Users\maksi\OneDrive\Документы\Visual Studio 2012\Projects\Шишкин\ConsoleApplication19\ConsoleApplication19\Debug\link.14480-cvtres.write.1.tlog
C:\Users\maksi\OneDrive\Документы\Visual Studio 2012\Projects\Шишкин\ConsoleApplication19\ConsoleApplication19\Debug\link.14480-rc.read.1.tlog
C:\Users\maksi\OneDrive\Документы\Visual Studio 2012\Projects\Шишкин\ConsoleApplication19\ConsoleApplication19\Debug\link.14480-rc.write.1.tlog
C:\Users\maksi\OneDrive\Документы\Visual Studio 2012\Projects\Шишкин\ConsoleApplication19\ConsoleApplication19\Debug\link.14480.read.1.tlog
C:\Users\maksi\OneDrive\Документы\Visual Studio 2012\Projects\Шишкин\ConsoleApplication19\ConsoleApplication19\Debug\link.14480.write.1.tlog
C:\Users\maksi\OneDrive\Документы\Visual Studio 2012\Projects\Шишкин\ConsoleApplication19\ConsoleApplication19\Debug\link.6192-cvtres.read.1.tlog
C:\Users\maksi\OneDrive\Документы\Visual Studio 2012\Projects\Шишкин\ConsoleApplication19\ConsoleApplication19\Debug\link.6192-cvtres.write.1.tlog
C:\Users\maksi\OneDrive\Документы\Visual Studio 2012\Projects\Шишкин\ConsoleApplication19\ConsoleApplication19\Debug\link.6192-rc.read.1.tlog
C:\Users\maksi\OneDrive\Документы\Visual Studio 2012\Projects\Шишкин\ConsoleApplication19\ConsoleApplication19\Debug\link.6192-rc.write.1.tlog
C:\Users\maksi\OneDrive\Документы\Visual Studio 2012\Projects\Шишкин\ConsoleApplication19\ConsoleApplication19\Debug\link.6192.read.1.tlog
C:\Users\maksi\OneDrive\Документы\Visual Studio 2012\Projects\Шишкин\ConsoleApplication19\ConsoleApplication19\Debug\link.6192.write.1.tlog
C:\Users\maksi\OneDrive\Документы\Visual Studio 2012\Projects\Шишкин\ConsoleApplication19\ConsoleApplication19\Debug\link.command.1.tlog
C:\Users\maksi\OneDrive\Документы\Visual Studio 2012\Projects\Шишкин\ConsoleApplication19\ConsoleApplication19\Debug\link.read.1.tlog
C:\Users\maksi\OneDrive\Документы\Visual Studio 2012\Projects\Шишкин\ConsoleApplication19\ConsoleApplication19\Debug\link.write.1.tlog
C:\Users\maksi\OneDrive\Документы\Visual Studio 2012\Projects\Шишкин\ConsoleApplication19\ConsoleApplication19\Debug\vc110.idb
C:\Users\maksi\OneDrive\Документы\Visual Studio 2012\Projects\Шишкин\ConsoleApplication19\ConsoleApplication19\Debug\vc110.pdb
C:\Users\maksi\OneDrive\Документы\Visual Studio 2012\Projects\Шишкин\ConsoleApplication19\Debug\ConsoleApplication19.pdb
C:\Users\maksi\OneDrive\Документы\Visual Studio 2012\Projects\Шишкин\ConsoleApplication19\Debug\ConsoleApplication19.exe
C:\Users\maksi\OneDrive\Документы\Visual Studio 2012\Projects\Шишкин\ConsoleApplication19\Debug\ConsoleApplication19.ilk
